<?xml version='1.0'?>
<ns2:test-suite xmlns:ns2='urn:model.allure.qatools.yandex.ru' start='1664949885620' stop='1664949941888'>
    <name>sample appium test</name>
    <title>sample appium test</title>
    <test-cases>
        <test-case start='1664949885620' status='broken' stop='1664949922875'>
            <name>A sample menu click</name>
            <title>A sample menu click</title>
            <labels>
                <label name='language' value='javascript'/>
                <label name='framework' value='wdio'/>
                <label name='thread' value='0-0'/>
                <label name='language' value='javascript'/>
                <label name='framework' value='wdio'/>
                <label name='thread' value='0-0'/>
            </labels>
            <parameters>
                <parameter kind='argument' name='device' value='MiA2 10.0-10'/>
                <parameter kind='argument' name='device' value='MiA2 10.0-10'/>
            </parameters>
            <steps>
                <step start='1664949885622' status='passed' stop='1664949887140'>
                    <name>POST /session/:sessionId/appium/device/start_activity</name>
                    <title>POST /session/:sessionId/appium/device/start_activity</title>
                    <attachments>
                        <attachment title='Request' source='31950722-0501-4413-9d24-1681f5323380-attachment.json' type='application/json' size='113'/>
                    </attachments>
                    <steps/>
                </step>
                <step start='1664949892141' status='passed' stop='1664949892185'>
                    <name>POST /session/:sessionId/appium/settings</name>
                    <title>POST /session/:sessionId/appium/settings</title>
                    <attachments>
                        <attachment title='Request' source='81a3140f-9f63-4e88-8d3d-b6f5aff61d01-attachment.json' type='application/json' size='57'/>
                    </attachments>
                    <steps/>
                </step>
                <step start='1664949892188' status='broken' stop='1664949922875'>
                    <name>POST /session/:sessionId/element</name>
                    <title>POST /session/:sessionId/element</title>
                    <attachments>
                        <attachment title='Request' source='1f69c06e-6fb0-41cb-8a7b-76cb6fecd2bf-attachment.json' type='application/json' size='479846'/>
                    </attachments>
                    <steps>
                        <step start='1664949921759' status='passed' stop='1664949922873'>
                            <name>GET /session/:sessionId/screenshot</name>
                            <title>GET /session/:sessionId/screenshot</title>
                            <attachments>
                                <attachment title='Screenshot' source='ea27c73c-585c-4d1c-abf1-c32a21de1e22-attachment.png' type='image/png' size='616020'/>
                            </attachments>
                            <steps/>
                        </step>
                    </steps>
                </step>
            </steps>
            <attachments/>
            <failure>
                <message>An unknown server-side error occurred while processing the command. Original error: 'opencv4nodejs' module is required to use OpenCV features. Please install it first ('npm i -g opencv4nodejs') and restart Appium. Read https://github.com/justadudewhohacks/opencv4nodejs#how-to-install for more details on this topic.</message>
                <stack-trace>unknown error: An unknown server-side error occurred while processing the command. Original error: 'opencv4nodejs' module is required to use OpenCV features. Please install it first ('npm i -g opencv4nodejs') and restart Appium. Read https://github.com/justadudewhohacks/opencv4nodejs#how-to-install for more details on this topic.
                    at getErrorFromResponseBody (E:\MyWorkSpace\wdo-samples\wdio-jsappium\node_modules\webdriver\build\utils.js:198:12)
                    at NodeJSRequest._request (E:\MyWorkSpace\wdo-samples\wdio-jsappium\node_modules\webdriver\build\request\index.js:166:60)
                    at processTicksAndRejections (node:internal/process/task_queues:96:5)
                    at Browser.wrapCommandFn (E:\MyWorkSpace\wdo-samples\wdio-jsappium\node_modules\@wdio\utils\build\shim.js:137:29)
                    at Browser.$ (E:\MyWorkSpace\wdo-samples\wdio-jsappium\node_modules\webdriverio\build\commands\browser\$.js:91:17)
                    at Browser.wrapCommandFn (E:\MyWorkSpace\wdo-samples\wdio-jsappium\node_modules\@wdio\utils\build\shim.js:137:29)
                    at Context.&lt;anonymous> (E:\MyWorkSpace\wdo-samples\wdio-jsappium\test\specs\bigbasket\/TC01.test.js:15:27)</stack-trace>
            </failure>
        </test-case>
        <test-case start='1664949922876' status='passed' stop='1664949928877'>
            <name>C scroll to elements</name>
            <title>C scroll to elements</title>
            <labels>
                <label name='language' value='javascript'/>
                <label name='framework' value='wdio'/>
                <label name='thread' value='0-0'/>
            </labels>
            <parameters>
                <parameter kind='argument' name='device' value='MiA2 10.0-10'/>
            </parameters>
            <steps/>
            <attachments/>
        </test-case>
        <test-case start='1664949928878' status='broken' stop='1664949941887'>
            <name>E get the size of screen</name>
            <title>E get the size of screen</title>
            <labels>
                <label name='language' value='javascript'/>
                <label name='framework' value='wdio'/>
                <label name='thread' value='0-0'/>
            </labels>
            <parameters>
                <parameter kind='argument' name='device' value='MiA2 10.0-10'/>
            </parameters>
            <steps>
                <step start='1664949931879' status='passed' stop='1664949933365'>
                    <name>POST /session/:sessionId/touch/perform</name>
                    <title>POST /session/:sessionId/touch/perform</title>
                    <attachments>
                        <attachment title='Request' source='e598c853-2d91-4495-bced-7244ab9db45a-attachment.json' type='application/json' size='344'/>
                    </attachments>
                    <steps/>
                </step>
                <step start='1664949935366' status='passed' stop='1664949935730'>
                    <name>POST /session/:sessionId/elements</name>
                    <title>POST /session/:sessionId/elements</title>
                    <attachments>
                        <attachment title='Request' source='667cf360-9e41-47b8-8c4b-9d73089daa0e-attachment.json' type='application/json' size='97'/>
                        <attachment title='Response' source='d94ae04c-5b13-4b0d-ab1c-b986d179f443-attachment.json' type='application/json' size='2'/>
                    </attachments>
                    <steps/>
                </step>
                <step start='1664949940737' status='passed' stop='1664949941886'>
                    <name>GET /session/:sessionId/screenshot</name>
                    <title>GET /session/:sessionId/screenshot</title>
                    <attachments>
                        <attachment title='Screenshot' source='0a3f5b98-1f89-4efe-8d59-467674a4fd98-attachment.png' type='image/png' size='616083'/>
                    </attachments>
                    <steps/>
                </step>
            </steps>
            <attachments/>
            <failure>
                <message>Cannot read properties of undefined (reading 'click')</message>
                <stack-trace>TypeError: Cannot read properties of undefined (reading 'click')
                    at Context.&lt;anonymous> (E:\MyWorkSpace\wdo-samples\wdio-jsappium\test\specs\bigbasket\/TC01.test.js:67:25)
                    at processTicksAndRejections (node:internal/process/task_queues:96:5)</stack-trace>
            </failure>
        </test-case>
    </test-cases>
</ns2:test-suite>