<?xml version='1.0'?>
<ns2:test-suite xmlns:ns2='urn:model.allure.qatools.yandex.ru' start='1664950013369' stop='1664950072431'>
    <name>sample appium test</name>
    <title>sample appium test</title>
    <test-cases>
        <test-case start='1664950013370' status='broken' stop='1664950053468'>
            <name>A sample menu click</name>
            <title>A sample menu click</title>
            <labels>
                <label name='language' value='javascript'/>
                <label name='framework' value='wdio'/>
                <label name='thread' value='0-0'/>
                <label name='language' value='javascript'/>
                <label name='framework' value='wdio'/>
                <label name='thread' value='0-0'/>
            </labels>
            <parameters>
                <parameter kind='argument' name='device' value='MiA2 10.0-10'/>
                <parameter kind='argument' name='device' value='MiA2 10.0-10'/>
            </parameters>
            <steps>
                <step start='1664950013371' status='passed' stop='1664950014981'>
                    <name>POST /session/:sessionId/appium/device/start_activity</name>
                    <title>POST /session/:sessionId/appium/device/start_activity</title>
                    <attachments>
                        <attachment title='Request' source='ef328c8b-d729-483e-a26d-870e87eab3d4-attachment.json' type='application/json' size='113'/>
                    </attachments>
                    <steps/>
                </step>
                <step start='1664950019982' status='passed' stop='1664950020031'>
                    <name>POST /session/:sessionId/appium/settings</name>
                    <title>POST /session/:sessionId/appium/settings</title>
                    <attachments>
                        <attachment title='Request' source='bfc3ec32-56b6-4566-b2c6-e45991e3825d-attachment.json' type='application/json' size='92'/>
                    </attachments>
                    <steps/>
                </step>
                <step start='1664950020033' status='broken' stop='1664950053468'>
                    <name>POST /session/:sessionId/element</name>
                    <title>POST /session/:sessionId/element</title>
                    <attachments>
                        <attachment title='Request' source='27a6f859-3c0a-4fb4-aaaf-93430ec1dff2-attachment.json' type='application/json' size='479846'/>
                    </attachments>
                    <steps>
                        <step start='1664950052255' status='passed' stop='1664950053466'>
                            <name>GET /session/:sessionId/screenshot</name>
                            <title>GET /session/:sessionId/screenshot</title>
                            <attachments>
                                <attachment title='Screenshot' source='29ee057c-c1fe-4407-a90a-d473a544d8bb-attachment.png' type='image/png' size='615680'/>
                            </attachments>
                            <steps/>
                        </step>
                    </steps>
                </step>
            </steps>
            <attachments/>
            <failure>
                <message>An unknown server-side error occurred while processing the command. Original error: 'opencv4nodejs' module is required to use OpenCV features. Please install it first ('npm i -g opencv4nodejs') and restart Appium. Read https://github.com/justadudewhohacks/opencv4nodejs#how-to-install for more details on this topic.</message>
                <stack-trace>unknown error: An unknown server-side error occurred while processing the command. Original error: 'opencv4nodejs' module is required to use OpenCV features. Please install it first ('npm i -g opencv4nodejs') and restart Appium. Read https://github.com/justadudewhohacks/opencv4nodejs#how-to-install for more details on this topic.
                    at getErrorFromResponseBody (E:\MyWorkSpace\wdo-samples\wdio-jsappium\node_modules\webdriver\build\utils.js:198:12)
                    at NodeJSRequest._request (E:\MyWorkSpace\wdo-samples\wdio-jsappium\node_modules\webdriver\build\request\index.js:166:60)
                    at processTicksAndRejections (node:internal/process/task_queues:96:5)
                    at Browser.wrapCommandFn (E:\MyWorkSpace\wdo-samples\wdio-jsappium\node_modules\@wdio\utils\build\shim.js:137:29)
                    at Browser.$ (E:\MyWorkSpace\wdo-samples\wdio-jsappium\node_modules\webdriverio\build\commands\browser\$.js:91:17)
                    at Browser.wrapCommandFn (E:\MyWorkSpace\wdo-samples\wdio-jsappium\node_modules\@wdio\utils\build\shim.js:137:29)
                    at Context.&lt;anonymous> (E:\MyWorkSpace\wdo-samples\wdio-jsappium\test\specs\bigbasket\/TC01.test.js:15:27)</stack-trace>
            </failure>
        </test-case>
        <test-case start='1664950053468' status='passed' stop='1664950059469'>
            <name>C scroll to elements</name>
            <title>C scroll to elements</title>
            <labels>
                <label name='language' value='javascript'/>
                <label name='framework' value='wdio'/>
                <label name='thread' value='0-0'/>
            </labels>
            <parameters>
                <parameter kind='argument' name='device' value='MiA2 10.0-10'/>
            </parameters>
            <steps/>
            <attachments/>
        </test-case>
        <test-case start='1664950059470' status='broken' stop='1664950072430'>
            <name>E get the size of screen</name>
            <title>E get the size of screen</title>
            <labels>
                <label name='language' value='javascript'/>
                <label name='framework' value='wdio'/>
                <label name='thread' value='0-0'/>
            </labels>
            <parameters>
                <parameter kind='argument' name='device' value='MiA2 10.0-10'/>
            </parameters>
            <steps>
                <step start='1664950062472' status='passed' stop='1664950063938'>
                    <name>POST /session/:sessionId/touch/perform</name>
                    <title>POST /session/:sessionId/touch/perform</title>
                    <attachments>
                        <attachment title='Request' source='55af81b6-fe53-4d89-a616-959bde7421ee-attachment.json' type='application/json' size='344'/>
                    </attachments>
                    <steps/>
                </step>
                <step start='1664950065938' status='passed' stop='1664950066325'>
                    <name>POST /session/:sessionId/elements</name>
                    <title>POST /session/:sessionId/elements</title>
                    <attachments>
                        <attachment title='Request' source='9090a225-653d-418e-82f4-1f6b1ff31382-attachment.json' type='application/json' size='97'/>
                        <attachment title='Response' source='f00f35f4-6c7b-4215-88a8-26efc00b4f16-attachment.json' type='application/json' size='2'/>
                    </attachments>
                    <steps/>
                </step>
                <step start='1664950071333' status='passed' stop='1664950072430'>
                    <name>GET /session/:sessionId/screenshot</name>
                    <title>GET /session/:sessionId/screenshot</title>
                    <attachments>
                        <attachment title='Screenshot' source='b20f99f9-24a5-4d47-8f41-390efabac747-attachment.png' type='image/png' size='615679'/>
                    </attachments>
                    <steps/>
                </step>
            </steps>
            <attachments/>
            <failure>
                <message>Cannot read properties of undefined (reading 'click')</message>
                <stack-trace>TypeError: Cannot read properties of undefined (reading 'click')
                    at Context.&lt;anonymous> (E:\MyWorkSpace\wdo-samples\wdio-jsappium\test\specs\bigbasket\/TC01.test.js:67:25)
                    at processTicksAndRejections (node:internal/process/task_queues:96:5)</stack-trace>
            </failure>
        </test-case>
    </test-cases>
</ns2:test-suite>