<?xml version='1.0'?>
<ns2:test-suite xmlns:ns2='urn:model.allure.qatools.yandex.ru' start='1664950133617' stop='1664950188826'>
    <name>sample appium test</name>
    <title>sample appium test</title>
    <test-cases>
        <test-case start='1664950133618' status='broken' stop='1664950169971'>
            <name>A sample menu click</name>
            <title>A sample menu click</title>
            <labels>
                <label name='language' value='javascript'/>
                <label name='framework' value='wdio'/>
                <label name='thread' value='0-0'/>
                <label name='language' value='javascript'/>
                <label name='framework' value='wdio'/>
                <label name='thread' value='0-0'/>
            </labels>
            <parameters>
                <parameter kind='argument' name='device' value='MiA2 10.0-10'/>
                <parameter kind='argument' name='device' value='MiA2 10.0-10'/>
            </parameters>
            <steps>
                <step start='1664950133619' status='passed' stop='1664950135246'>
                    <name>POST /session/:sessionId/appium/device/start_activity</name>
                    <title>POST /session/:sessionId/appium/device/start_activity</title>
                    <attachments>
                        <attachment title='Request' source='7d972239-e67d-4852-b3e5-bb49fb820365-attachment.json' type='application/json' size='113'/>
                    </attachments>
                    <steps/>
                </step>
                <step start='1664950140247' status='passed' stop='1664950140309'>
                    <name>POST /session/:sessionId/appium/settings</name>
                    <title>POST /session/:sessionId/appium/settings</title>
                    <attachments>
                        <attachment title='Request' source='bc362b83-7273-4070-9298-1bfdefc9c3bb-attachment.json' type='application/json' size='57'/>
                    </attachments>
                    <steps/>
                </step>
                <step start='1664950140312' status='broken' stop='1664950169971'>
                    <name>POST /session/:sessionId/element</name>
                    <title>POST /session/:sessionId/element</title>
                    <attachments>
                        <attachment title='Request' source='39448953-61e3-45d1-9b2f-c0350ec077a8-attachment.json' type='application/json' size='479846'/>
                    </attachments>
                    <steps>
                        <step start='1664950168940' status='passed' stop='1664950169970'>
                            <name>GET /session/:sessionId/screenshot</name>
                            <title>GET /session/:sessionId/screenshot</title>
                            <attachments>
                                <attachment title='Screenshot' source='0dc833b6-38ce-46e0-9e2c-ac111e5901f9-attachment.png' type='image/png' size='616207'/>
                            </attachments>
                            <steps/>
                        </step>
                    </steps>
                </step>
            </steps>
            <attachments/>
            <failure>
                <message>An unknown server-side error occurred while processing the command. Original error: 'opencv4nodejs' module is required to use OpenCV features. Please install it first ('npm i -g opencv4nodejs') and restart Appium. Read https://github.com/justadudewhohacks/opencv4nodejs#how-to-install for more details on this topic.</message>
                <stack-trace>unknown error: An unknown server-side error occurred while processing the command. Original error: 'opencv4nodejs' module is required to use OpenCV features. Please install it first ('npm i -g opencv4nodejs') and restart Appium. Read https://github.com/justadudewhohacks/opencv4nodejs#how-to-install for more details on this topic.
                    at getErrorFromResponseBody (E:\MyWorkSpace\wdo-samples\wdio-jsappium\node_modules\webdriver\build\utils.js:198:12)
                    at NodeJSRequest._request (E:\MyWorkSpace\wdo-samples\wdio-jsappium\node_modules\webdriver\build\request\index.js:166:60)
                    at processTicksAndRejections (node:internal/process/task_queues:96:5)
                    at Browser.wrapCommandFn (E:\MyWorkSpace\wdo-samples\wdio-jsappium\node_modules\@wdio\utils\build\shim.js:137:29)
                    at Browser.$ (E:\MyWorkSpace\wdo-samples\wdio-jsappium\node_modules\webdriverio\build\commands\browser\$.js:91:17)
                    at Browser.wrapCommandFn (E:\MyWorkSpace\wdo-samples\wdio-jsappium\node_modules\@wdio\utils\build\shim.js:137:29)
                    at Context.&lt;anonymous> (E:\MyWorkSpace\wdo-samples\wdio-jsappium\test\specs\bigbasket\/TC01.test.js:16:27)</stack-trace>
            </failure>
        </test-case>
        <test-case start='1664950169971' status='passed' stop='1664950175972'>
            <name>C scroll to elements</name>
            <title>C scroll to elements</title>
            <labels>
                <label name='language' value='javascript'/>
                <label name='framework' value='wdio'/>
                <label name='thread' value='0-0'/>
            </labels>
            <parameters>
                <parameter kind='argument' name='device' value='MiA2 10.0-10'/>
            </parameters>
            <steps/>
            <attachments/>
        </test-case>
        <test-case start='1664950175973' status='broken' stop='1664950188825'>
            <name>E get the size of screen</name>
            <title>E get the size of screen</title>
            <labels>
                <label name='language' value='javascript'/>
                <label name='framework' value='wdio'/>
                <label name='thread' value='0-0'/>
            </labels>
            <parameters>
                <parameter kind='argument' name='device' value='MiA2 10.0-10'/>
            </parameters>
            <steps>
                <step start='1664950178974' status='passed' stop='1664950180387'>
                    <name>POST /session/:sessionId/touch/perform</name>
                    <title>POST /session/:sessionId/touch/perform</title>
                    <attachments>
                        <attachment title='Request' source='463b49fd-821a-44b3-93b1-8620fdca9604-attachment.json' type='application/json' size='344'/>
                    </attachments>
                    <steps/>
                </step>
                <step start='1664950182387' status='passed' stop='1664950182714'>
                    <name>POST /session/:sessionId/elements</name>
                    <title>POST /session/:sessionId/elements</title>
                    <attachments>
                        <attachment title='Request' source='b9200171-21ed-404a-a4d7-20ed8a410d1d-attachment.json' type='application/json' size='97'/>
                        <attachment title='Response' source='f4b01a7f-e9b9-4f99-98da-639776327327-attachment.json' type='application/json' size='2'/>
                    </attachments>
                    <steps/>
                </step>
                <step start='1664950187722' status='passed' stop='1664950188824'>
                    <name>GET /session/:sessionId/screenshot</name>
                    <title>GET /session/:sessionId/screenshot</title>
                    <attachments>
                        <attachment title='Screenshot' source='ac4abe90-be7e-4770-9794-8d674d45cb52-attachment.png' type='image/png' size='616195'/>
                    </attachments>
                    <steps/>
                </step>
            </steps>
            <attachments/>
            <failure>
                <message>Cannot read properties of undefined (reading 'click')</message>
                <stack-trace>TypeError: Cannot read properties of undefined (reading 'click')
                    at Context.&lt;anonymous> (E:\MyWorkSpace\wdo-samples\wdio-jsappium\test\specs\bigbasket\/TC01.test.js:68:25)
                    at processTicksAndRejections (node:internal/process/task_queues:96:5)</stack-trace>
            </failure>
        </test-case>
    </test-cases>
</ns2:test-suite>