<?xml version='1.0'?>
<ns2:test-suite xmlns:ns2='urn:model.allure.qatools.yandex.ru' start='1664954082608' stop='1664954161029'>
    <name>sample appium test</name>
    <title>sample appium test</title>
    <test-cases>
        <test-case start='1664954082609' status='broken' stop='1664954141991'>
            <name>A sample menu click</name>
            <title>A sample menu click</title>
            <labels>
                <label name='language' value='javascript'/>
                <label name='framework' value='wdio'/>
                <label name='thread' value='0-0'/>
                <label name='language' value='javascript'/>
                <label name='framework' value='wdio'/>
                <label name='thread' value='0-0'/>
            </labels>
            <parameters>
                <parameter kind='argument' name='device' value='MiA2 10.0-10'/>
                <parameter kind='argument' name='device' value='MiA2 10.0-10'/>
            </parameters>
            <steps>
                <step start='1664954082610' status='passed' stop='1664954084758'>
                    <name>POST /session/:sessionId/appium/device/start_activity</name>
                    <title>POST /session/:sessionId/appium/device/start_activity</title>
                    <attachments>
                        <attachment title='Request' source='bf355f2e-c700-4ad4-b80f-ab2bf15bb915-attachment.json' type='application/json' size='113'/>
                    </attachments>
                    <steps/>
                </step>
                <step start='1664954089759' status='passed' stop='1664954089777'>
                    <name>POST /session/:sessionId/appium/settings</name>
                    <title>POST /session/:sessionId/appium/settings</title>
                    <attachments>
                        <attachment title='Request' source='ec9225fa-5367-4a6a-931b-b0394c3b9dc6-attachment.json' type='application/json' size='57'/>
                    </attachments>
                    <steps/>
                </step>
                <step start='1664954089780' status='broken' stop='1664954141991'>
                    <name>POST /session/:sessionId/element</name>
                    <title>POST /session/:sessionId/element</title>
                    <attachments>
                        <attachment title='Request' source='65b01074-fb53-4337-8c9a-f57b6b6cf0bc-attachment.json' type='application/json' size='492774'/>
                    </attachments>
                    <steps>
                        <step start='1664954140898' status='passed' stop='1664954141989'>
                            <name>GET /session/:sessionId/screenshot</name>
                            <title>GET /session/:sessionId/screenshot</title>
                            <attachments>
                                <attachment title='Screenshot' source='f771dc3a-b5b4-4c9e-a623-babff9311581-attachment.png' type='image/png' size='618009'/>
                            </attachments>
                            <steps/>
                        </step>
                    </steps>
                </step>
            </steps>
            <attachments/>
            <failure>
                <message>An unknown server-side error occurred while processing the command. Original error: 'opencv4nodejs' module is required to use OpenCV features. Please install it first ('npm i -g opencv4nodejs') and restart Appium. Read https://github.com/justadudewhohacks/opencv4nodejs#how-to-install for more details on this topic.</message>
                <stack-trace>unknown error: An unknown server-side error occurred while processing the command. Original error: 'opencv4nodejs' module is required to use OpenCV features. Please install it first ('npm i -g opencv4nodejs') and restart Appium. Read https://github.com/justadudewhohacks/opencv4nodejs#how-to-install for more details on this topic.
                    at getErrorFromResponseBody (E:\MyWorkSpace\wdo-samples\wdio-jsappium\node_modules\webdriver\build\utils.js:198:12)
                    at NodeJSRequest._request (E:\MyWorkSpace\wdo-samples\wdio-jsappium\node_modules\webdriver\build\request\index.js:166:60)
                    at processTicksAndRejections (node:internal/process/task_queues:96:5)
                    at Browser.wrapCommandFn (E:\MyWorkSpace\wdo-samples\wdio-jsappium\node_modules\@wdio\utils\build\shim.js:137:29)
                    at Browser.$ (E:\MyWorkSpace\wdo-samples\wdio-jsappium\node_modules\webdriverio\build\commands\browser\$.js:91:17)
                    at Browser.wrapCommandFn (E:\MyWorkSpace\wdo-samples\wdio-jsappium\node_modules\@wdio\utils\build\shim.js:137:29)
                    at Context.&lt;anonymous> (E:\MyWorkSpace\wdo-samples\wdio-jsappium\test\specs\bigbasket\/TC01.test.js:16:27)</stack-trace>
            </failure>
        </test-case>
        <test-case start='1664954141992' status='passed' stop='1664954147992'>
            <name>C scroll to elements</name>
            <title>C scroll to elements</title>
            <labels>
                <label name='language' value='javascript'/>
                <label name='framework' value='wdio'/>
                <label name='thread' value='0-0'/>
            </labels>
            <parameters>
                <parameter kind='argument' name='device' value='MiA2 10.0-10'/>
            </parameters>
            <steps/>
            <attachments/>
        </test-case>
        <test-case start='1664954147993' status='broken' stop='1664954161028'>
            <name>E get the size of screen</name>
            <title>E get the size of screen</title>
            <labels>
                <label name='language' value='javascript'/>
                <label name='framework' value='wdio'/>
                <label name='thread' value='0-0'/>
            </labels>
            <parameters>
                <parameter kind='argument' name='device' value='MiA2 10.0-10'/>
            </parameters>
            <steps>
                <step start='1664954150994' status='passed' stop='1664954152440'>
                    <name>POST /session/:sessionId/touch/perform</name>
                    <title>POST /session/:sessionId/touch/perform</title>
                    <attachments>
                        <attachment title='Request' source='a942921f-047e-4ca5-b624-bc88e1db4163-attachment.json' type='application/json' size='344'/>
                    </attachments>
                    <steps/>
                </step>
                <step start='1664954154441' status='passed' stop='1664954154826'>
                    <name>POST /session/:sessionId/elements</name>
                    <title>POST /session/:sessionId/elements</title>
                    <attachments>
                        <attachment title='Request' source='cfb7d5c0-dd56-4386-b37b-06142f1ebbc7-attachment.json' type='application/json' size='97'/>
                        <attachment title='Response' source='c17f74d9-78ed-4207-86a5-3e98f422b680-attachment.json' type='application/json' size='2'/>
                    </attachments>
                    <steps/>
                </step>
                <step start='1664954159856' status='passed' stop='1664954161027'>
                    <name>GET /session/:sessionId/screenshot</name>
                    <title>GET /session/:sessionId/screenshot</title>
                    <attachments>
                        <attachment title='Screenshot' source='11f23aa1-871f-411e-b5c6-63057e46ebd3-attachment.png' type='image/png' size='618167'/>
                    </attachments>
                    <steps/>
                </step>
            </steps>
            <attachments/>
            <failure>
                <message>Cannot read properties of undefined (reading 'click')</message>
                <stack-trace>TypeError: Cannot read properties of undefined (reading 'click')
                    at Context.&lt;anonymous> (E:\MyWorkSpace\wdo-samples\wdio-jsappium\test\specs\bigbasket\/TC01.test.js:68:25)
                    at processTicksAndRejections (node:internal/process/task_queues:96:5)</stack-trace>
            </failure>
        </test-case>
    </test-cases>
</ns2:test-suite>